<?xml version="1.0" encoding="UTF-8"?>
<testng-results skipped="0" failed="0" ignored="0" total="1" passed="1">
  <reporter-output>
  </reporter-output>
  <suite name="Due_months_testing" duration-ms="13104" started-at="2021-07-11T14:15:13 CDT" finished-at="2021-07-11T14:15:27 CDT">
    <groups>
    </groups>
    <test name="regression testing" duration-ms="13104" started-at="2021-07-11T14:15:13 CDT" finished-at="2021-07-11T14:15:27 CDT">
      <class name="testing.Due_months_testing">
        <test-method status="PASS" signature="due_months_testing(java.lang.String,java.lang.String,java.lang.String,java.lang.String,java.lang.String,java.lang.String,java.lang.String,java.lang.String,java.lang.String,java.lang.String,java.lang.String,java.lang.String)[pri:0, instance:testing.Due_months_testing@2bea5ab4]" name="due_months_testing" duration-ms="13042" started-at="2021-07-11T14:15:13 CDT" finished-at="2021-07-11T14:15:27 CDT">
          <params>
            <param index="0">
              <value>
                <![CDATA[Jan]]>
              </value>
            </param>
            <param index="1">
              <value>
                <![CDATA[Feb]]>
              </value>
            </param>
            <param index="2">
              <value>
                <![CDATA[Mar]]>
              </value>
            </param>
            <param index="3">
              <value>
                <![CDATA[Apr]]>
              </value>
            </param>
            <param index="4">
              <value>
                <![CDATA[May]]>
              </value>
            </param>
            <param index="5">
              <value>
                <![CDATA[Jun]]>
              </value>
            </param>
            <param index="6">
              <value>
                <![CDATA[Jul]]>
              </value>
            </param>
            <param index="7">
              <value>
                <![CDATA[Aug]]>
              </value>
            </param>
            <param index="8">
              <value>
                <![CDATA[Sep]]>
              </value>
            </param>
            <param index="9">
              <value>
                <![CDATA[Oct]]>
              </value>
            </param>
            <param index="10">
              <value>
                <![CDATA[Nov]]>
              </value>
            </param>
            <param index="11">
              <value>
                <![CDATA[Dec]]>
              </value>
            </param>
          </params>
          <reporter-output>
          </reporter-output>
        </test-method> <!-- due_months_testing -->
      </class> <!-- testing.Due_months_testing -->
    </test> <!-- regression testing -->
  </suite> <!-- Due_months_testing -->
</testng-results>
